-------------------------------------------------------------------------------
Test set: test.se.kth.iv1350.pointOfSale.view.ViewTest
-------------------------------------------------------------------------------
Tests run: 2, Failures: 1, Errors: 0, Skipped: 0, Time elapsed: 0.009 s <<< FAILURE! - in test.se.kth.iv1350.pointOfSale.view.ViewTest
test.se.kth.iv1350.pointOfSale.view.ViewTest.testPrintSoldItemInfoPrintsItemDetails  Time elapsed: 0.002 s  <<< FAILURE!
org.opentest4j.AssertionFailedError: Should print item cost. ==> expected: <true> but was: <false>
	at org.junit.jupiter.api.AssertionFailureBuilder.build(AssertionFailureBuilder.java:151)
	at org.junit.jupiter.api.AssertionFailureBuilder.buildAndThrow(AssertionFailureBuilder.java:132)
	at org.junit.jupiter.api.AssertTrue.failNotTrue(AssertTrue.java:63)
	at org.junit.jupiter.api.AssertTrue.assertTrue(AssertTrue.java:36)
	at org.junit.jupiter.api.Assertions.assertTrue(Assertions.java:210)
	at test.se.kth.iv1350.pointOfSale.view.ViewTest.testPrintSoldItemInfoPrintsItemDetails(ViewTest.java:76)
	at java.base/java.lang.reflect.Method.invoke(Method.java:580)
	at java.base/java.util.ArrayList.forEach(ArrayList.java:1596)
	at java.base/java.util.ArrayList.forEach(ArrayList.java:1596)

